TN:
SF:src/App.tsx
FN:24,(anonymous_0)
FN:35,(anonymous_1)
FN:38,(anonymous_2)
FN:169,(anonymous_3)
FNF:4
FNH:4
FNDA:1,(anonymous_0)
FNDA:3,(anonymous_1)
FNDA:3,(anonymous_2)
FNDA:3,(anonymous_3)
DA:24,1
DA:25,1
DA:26,1
DA:28,1
DA:29,1
DA:32,0
DA:35,1
DA:36,3
DA:38,3
DA:39,3
DA:42,3
DA:169,1
DA:170,3
LF:13
LH:12
BRDA:28,0,0,1
BRDA:28,0,1,0
BRF:2
BRH:1
end_of_record
TN:
SF:src/pages/Login.tsx
FN:7,(anonymous_0)
FN:11,(anonymous_1)
FNF:2
FNH:2
FNDA:6,(anonymous_0)
FNDA:3,(anonymous_1)
DA:7,1
DA:8,6
DA:9,6
DA:11,6
DA:12,3
DA:13,3
DA:26,3
DA:30,6
LF:8
LH:8
BRDA:12,0,0,3
BRDA:12,0,1,0
BRDA:12,1,0,3
BRDA:12,1,1,3
BRDA:17,2,0,3
BRDA:17,2,1,0
BRDA:18,3,0,3
BRDA:18,3,1,0
BRDA:19,4,0,3
BRDA:19,4,1,0
BRDA:24,5,0,3
BRDA:24,5,1,0
BRF:12
BRH:7
end_of_record
