mode: atomic
github.com/penguincloud/squawk/dns-client-go/pkg/client/doh_client.go:51.43,53.22 1 0
github.com/penguincloud/squawk/dns-client-go/pkg/client/doh_client.go:53.22,55.3 1 0
github.com/penguincloud/squawk/dns-client-go/pkg/client/doh_client.go:56.2,56.23 1 0
github.com/penguincloud/squawk/dns-client-go/pkg/client/doh_client.go:56.23,58.3 1 0
github.com/penguincloud/squawk/dns-client-go/pkg/client/doh_client.go:61.2,64.69 2 0
github.com/penguincloud/squawk/dns-client-go/pkg/client/doh_client.go:64.69,66.3 1 0
github.com/penguincloud/squawk/dns-client-go/pkg/client/doh_client.go:69.2,70.22 2 0
github.com/penguincloud/squawk/dns-client-go/pkg/client/doh_client.go:70.22,72.3 1 0
github.com/penguincloud/squawk/dns-client-go/pkg/client/doh_client.go:74.2,74.31 1 0
github.com/penguincloud/squawk/dns-client-go/pkg/client/doh_client.go:74.31,76.22 1 0
github.com/penguincloud/squawk/dns-client-go/pkg/client/doh_client.go:76.22,78.4 1 0
github.com/penguincloud/squawk/dns-client-go/pkg/client/doh_client.go:79.3,79.22 1 0
github.com/penguincloud/squawk/dns-client-go/pkg/client/doh_client.go:79.22,81.4 1 0
github.com/penguincloud/squawk/dns-client-go/pkg/client/doh_client.go:84.3,84.44 1 0
github.com/penguincloud/squawk/dns-client-go/pkg/client/doh_client.go:84.44,85.12 1 0
github.com/penguincloud/squawk/dns-client-go/pkg/client/doh_client.go:89.3,89.40 1 0
github.com/penguincloud/squawk/dns-client-go/pkg/client/doh_client.go:89.40,91.40 1 0
github.com/penguincloud/squawk/dns-client-go/pkg/client/doh_client.go:91.40,92.13 1 0
github.com/penguincloud/squawk/dns-client-go/pkg/client/doh_client.go:94.4,94.134 1 0
github.com/penguincloud/squawk/dns-client-go/pkg/client/doh_client.go:98.3,98.73 1 0
github.com/penguincloud/squawk/dns-client-go/pkg/client/doh_client.go:98.73,101.4 1 0
github.com/penguincloud/squawk/dns-client-go/pkg/client/doh_client.go:104.2,104.12 1 0
github.com/penguincloud/squawk/dns-client-go/pkg/client/doh_client.go:108.50,110.35 2 0
github.com/penguincloud/squawk/dns-client-go/pkg/client/doh_client.go:110.35,112.35 2 0
github.com/penguincloud/squawk/dns-client-go/pkg/client/doh_client.go:112.35,114.4 1 0
github.com/penguincloud/squawk/dns-client-go/pkg/client/doh_client.go:115.3,115.95 1 0
github.com/penguincloud/squawk/dns-client-go/pkg/client/doh_client.go:117.2,117.12 1 0
github.com/penguincloud/squawk/dns-client-go/pkg/client/doh_client.go:171.48,172.21 1 0
github.com/penguincloud/squawk/dns-client-go/pkg/client/doh_client.go:172.21,174.3 1 0
github.com/penguincloud/squawk/dns-client-go/pkg/client/doh_client.go:176.2,177.16 2 0
github.com/penguincloud/squawk/dns-client-go/pkg/client/doh_client.go:177.16,179.3 1 0
github.com/penguincloud/squawk/dns-client-go/pkg/client/doh_client.go:181.2,181.63 1 0
github.com/penguincloud/squawk/dns-client-go/pkg/client/doh_client.go:181.63,183.3 1 0
github.com/penguincloud/squawk/dns-client-go/pkg/client/doh_client.go:185.2,186.16 2 0
github.com/penguincloud/squawk/dns-client-go/pkg/client/doh_client.go:186.16,188.3 1 0
github.com/penguincloud/squawk/dns-client-go/pkg/client/doh_client.go:191.2,191.30 1 0
github.com/penguincloud/squawk/dns-client-go/pkg/client/doh_client.go:191.30,193.43 1 0
github.com/penguincloud/squawk/dns-client-go/pkg/client/doh_client.go:193.43,195.4 1 0
github.com/penguincloud/squawk/dns-client-go/pkg/client/doh_client.go:198.3,212.40 3 0
github.com/penguincloud/squawk/dns-client-go/pkg/client/doh_client.go:212.40,213.75 1 0
github.com/penguincloud/squawk/dns-client-go/pkg/client/doh_client.go:213.75,216.91 1 0
github.com/penguincloud/squawk/dns-client-go/pkg/client/doh_client.go:216.91,218.6 1 0
github.com/penguincloud/squawk/dns-client-go/pkg/client/doh_client.go:219.5,219.15 1 0
github.com/penguincloud/squawk/dns-client-go/pkg/client/doh_client.go:223.3,223.162 1 0
github.com/penguincloud/squawk/dns-client-go/pkg/client/doh_client.go:226.2,226.12 1 0
github.com/penguincloud/squawk/dns-client-go/pkg/client/doh_client.go:230.55,231.19 1 0
github.com/penguincloud/squawk/dns-client-go/pkg/client/doh_client.go:231.19,233.3 1 0
github.com/penguincloud/squawk/dns-client-go/pkg/client/doh_client.go:236.2,237.32 2 0
github.com/penguincloud/squawk/dns-client-go/pkg/client/doh_client.go:237.32,239.3 1 0
github.com/penguincloud/squawk/dns-client-go/pkg/client/doh_client.go:239.8,239.35 1 0
github.com/penguincloud/squawk/dns-client-go/pkg/client/doh_client.go:239.35,241.3 1 0
github.com/penguincloud/squawk/dns-client-go/pkg/client/doh_client.go:241.8,243.3 1 0
github.com/penguincloud/squawk/dns-client-go/pkg/client/doh_client.go:246.2,246.39 1 0
github.com/penguincloud/squawk/dns-client-go/pkg/client/doh_client.go:246.39,247.54 1 0
github.com/penguincloud/squawk/dns-client-go/pkg/client/doh_client.go:247.54,249.4 1 0
github.com/penguincloud/squawk/dns-client-go/pkg/client/doh_client.go:251.3,251.48 1 0
github.com/penguincloud/squawk/dns-client-go/pkg/client/doh_client.go:255.2,256.21 2 0
github.com/penguincloud/squawk/dns-client-go/pkg/client/doh_client.go:256.21,258.3 1 0
github.com/penguincloud/squawk/dns-client-go/pkg/client/doh_client.go:260.2,261.21 2 0
github.com/penguincloud/squawk/dns-client-go/pkg/client/doh_client.go:261.21,263.3 1 0
github.com/penguincloud/squawk/dns-client-go/pkg/client/doh_client.go:265.2,278.49 2 0
github.com/penguincloud/squawk/dns-client-go/pkg/client/doh_client.go:278.49,280.3 1 0
github.com/penguincloud/squawk/dns-client-go/pkg/client/doh_client.go:282.2,282.20 1 0
github.com/penguincloud/squawk/dns-client-go/pkg/client/doh_client.go:286.45,295.35 2 0
github.com/penguincloud/squawk/dns-client-go/pkg/client/doh_client.go:295.35,297.17 2 0
github.com/penguincloud/squawk/dns-client-go/pkg/client/doh_client.go:297.17,299.4 1 0
github.com/penguincloud/squawk/dns-client-go/pkg/client/doh_client.go:301.3,302.49 2 0
github.com/penguincloud/squawk/dns-client-go/pkg/client/doh_client.go:302.49,304.4 1 0
github.com/penguincloud/squawk/dns-client-go/pkg/client/doh_client.go:305.3,305.33 1 0
github.com/penguincloud/squawk/dns-client-go/pkg/client/doh_client.go:309.2,309.45 1 0
github.com/penguincloud/squawk/dns-client-go/pkg/client/doh_client.go:309.45,310.50 1 0
github.com/penguincloud/squawk/dns-client-go/pkg/client/doh_client.go:310.50,312.4 1 0
github.com/penguincloud/squawk/dns-client-go/pkg/client/doh_client.go:313.3,313.49 1 0
github.com/penguincloud/squawk/dns-client-go/pkg/client/doh_client.go:313.49,315.4 1 0
github.com/penguincloud/squawk/dns-client-go/pkg/client/doh_client.go:317.3,318.17 2 0
github.com/penguincloud/squawk/dns-client-go/pkg/client/doh_client.go:318.17,320.4 1 0
github.com/penguincloud/squawk/dns-client-go/pkg/client/doh_client.go:321.3,321.51 1 0
github.com/penguincloud/squawk/dns-client-go/pkg/client/doh_client.go:324.2,335.12 3 0
github.com/penguincloud/squawk/dns-client-go/pkg/client/doh_client.go:339.97,341.48 1 0
github.com/penguincloud/squawk/dns-client-go/pkg/client/doh_client.go:341.48,343.3 1 0
github.com/penguincloud/squawk/dns-client-go/pkg/client/doh_client.go:346.2,346.22 1 0
github.com/penguincloud/squawk/dns-client-go/pkg/client/doh_client.go:346.22,348.3 1 0
github.com/penguincloud/squawk/dns-client-go/pkg/client/doh_client.go:349.2,350.55 2 0
github.com/penguincloud/squawk/dns-client-go/pkg/client/doh_client.go:350.55,352.3 1 0
github.com/penguincloud/squawk/dns-client-go/pkg/client/doh_client.go:354.2,358.54 3 0
github.com/penguincloud/squawk/dns-client-go/pkg/client/doh_client.go:358.54,363.17 3 0
github.com/penguincloud/squawk/dns-client-go/pkg/client/doh_client.go:363.17,367.12 4 0
github.com/penguincloud/squawk/dns-client-go/pkg/client/doh_client.go:371.3,381.24 7 0
github.com/penguincloud/squawk/dns-client-go/pkg/client/doh_client.go:381.24,383.4 1 0
github.com/penguincloud/squawk/dns-client-go/pkg/client/doh_client.go:386.3,387.17 2 0
github.com/penguincloud/squawk/dns-client-go/pkg/client/doh_client.go:387.17,393.32 4 0
github.com/penguincloud/squawk/dns-client-go/pkg/client/doh_client.go:393.32,394.12 1 0
github.com/penguincloud/squawk/dns-client-go/pkg/client/doh_client.go:395.23,396.27 1 0
github.com/penguincloud/squawk/dns-client-go/pkg/client/doh_client.go:397.37,397.37 0 0
github.com/penguincloud/squawk/dns-client-go/pkg/client/doh_client.go:400.4,400.12 1 0
github.com/penguincloud/squawk/dns-client-go/pkg/client/doh_client.go:402.3,402.16 1 0
github.com/penguincloud/squawk/dns-client-go/pkg/client/doh_client.go:402.16,403.44 1 0
github.com/penguincloud/squawk/dns-client-go/pkg/client/doh_client.go:403.44,405.5 1 0
github.com/penguincloud/squawk/dns-client-go/pkg/client/doh_client.go:409.3,410.17 2 0
github.com/penguincloud/squawk/dns-client-go/pkg/client/doh_client.go:410.17,414.12 4 0
github.com/penguincloud/squawk/dns-client-go/pkg/client/doh_client.go:418.3,418.39 1 0
github.com/penguincloud/squawk/dns-client-go/pkg/client/doh_client.go:418.39,422.12 4 0
github.com/penguincloud/squawk/dns-client-go/pkg/client/doh_client.go:426.3,427.56 2 0
github.com/penguincloud/squawk/dns-client-go/pkg/client/doh_client.go:427.56,431.12 4 0
github.com/penguincloud/squawk/dns-client-go/pkg/client/doh_client.go:435.3,435.23 1 0
github.com/penguincloud/squawk/dns-client-go/pkg/client/doh_client.go:439.2,439.21 1 0
github.com/penguincloud/squawk/dns-client-go/pkg/client/doh_client.go:439.21,441.3 1 0
github.com/penguincloud/squawk/dns-client-go/pkg/client/doh_client.go:443.2,443.57 1 0
github.com/penguincloud/squawk/dns-client-go/pkg/client/doh_client.go:447.34,449.2 1 0
github.com/penguincloud/squawk/dns-client-go/pkg/client/doh_client.go:452.50,454.16 2 0
github.com/penguincloud/squawk/dns-client-go/pkg/client/doh_client.go:454.16,456.3 1 0
github.com/penguincloud/squawk/dns-client-go/pkg/client/doh_client.go:458.2,461.42 2 0
github.com/penguincloud/squawk/dns-client-go/pkg/client/doh_client.go:461.42,462.52 1 0
github.com/penguincloud/squawk/dns-client-go/pkg/client/doh_client.go:462.52,464.4 1 0
github.com/penguincloud/squawk/dns-client-go/pkg/client/doh_client.go:468.2,468.84 1 0
github.com/penguincloud/squawk/dns-client-go/pkg/client/doh_client.go:468.84,469.52 1 0
github.com/penguincloud/squawk/dns-client-go/pkg/client/doh_client.go:469.52,471.4 1 0
github.com/penguincloud/squawk/dns-client-go/pkg/client/doh_client.go:475.2,475.45 1 0
github.com/penguincloud/squawk/dns-client-go/pkg/client/doh_client.go:475.45,476.52 1 0
github.com/penguincloud/squawk/dns-client-go/pkg/client/doh_client.go:476.52,478.4 1 0
github.com/penguincloud/squawk/dns-client-go/pkg/client/doh_client.go:481.2,481.27 1 0
github.com/penguincloud/squawk/dns-client-go/pkg/client/doh_client.go:485.105,487.48 1 0
github.com/penguincloud/squawk/dns-client-go/pkg/client/doh_client.go:487.48,489.3 1 0
github.com/penguincloud/squawk/dns-client-go/pkg/client/doh_client.go:492.2,492.22 1 0
github.com/penguincloud/squawk/dns-client-go/pkg/client/doh_client.go:492.22,494.3 1 0
github.com/penguincloud/squawk/dns-client-go/pkg/client/doh_client.go:495.2,496.55 2 0
github.com/penguincloud/squawk/dns-client-go/pkg/client/doh_client.go:496.55,498.3 1 0
github.com/penguincloud/squawk/dns-client-go/pkg/client/doh_client.go:501.2,507.16 3 0
github.com/penguincloud/squawk/dns-client-go/pkg/client/doh_client.go:507.16,509.3 1 0
github.com/penguincloud/squawk/dns-client-go/pkg/client/doh_client.go:513.2,513.28 1 0
github.com/penguincloud/squawk/dns-client-go/pkg/client/doh_client.go:513.28,515.3 1 0
github.com/penguincloud/squawk/dns-client-go/pkg/client/doh_client.go:516.2,518.16 3 0
github.com/penguincloud/squawk/dns-client-go/pkg/client/doh_client.go:518.16,520.3 1 0
github.com/penguincloud/squawk/dns-client-go/pkg/client/doh_client.go:523.2,528.23 4 0
github.com/penguincloud/squawk/dns-client-go/pkg/client/doh_client.go:528.23,530.3 1 0
github.com/penguincloud/squawk/dns-client-go/pkg/client/doh_client.go:533.2,534.16 2 0
github.com/penguincloud/squawk/dns-client-go/pkg/client/doh_client.go:534.16,536.3 1 0
github.com/penguincloud/squawk/dns-client-go/pkg/client/doh_client.go:537.2,537.15 1 0
github.com/penguincloud/squawk/dns-client-go/pkg/client/doh_client.go:537.15,538.43 1 0
github.com/penguincloud/squawk/dns-client-go/pkg/client/doh_client.go:538.43,540.4 1 0
github.com/penguincloud/squawk/dns-client-go/pkg/client/doh_client.go:544.2,545.16 2 0
github.com/penguincloud/squawk/dns-client-go/pkg/client/doh_client.go:545.16,547.3 1 0
github.com/penguincloud/squawk/dns-client-go/pkg/client/doh_client.go:550.2,550.38 1 0
github.com/penguincloud/squawk/dns-client-go/pkg/client/doh_client.go:550.38,552.3 1 0
github.com/penguincloud/squawk/dns-client-go/pkg/client/doh_client.go:555.2,556.55 2 0
github.com/penguincloud/squawk/dns-client-go/pkg/client/doh_client.go:556.55,558.3 1 0
github.com/penguincloud/squawk/dns-client-go/pkg/client/doh_client.go:560.2,560.22 1 0
github.com/penguincloud/squawk/dns-client-go/pkg/client/doh_client.go:564.55,566.25 2 0
github.com/penguincloud/squawk/dns-client-go/pkg/client/doh_client.go:566.25,568.3 1 0
github.com/penguincloud/squawk/dns-client-go/pkg/client/doh_client.go:572.35,573.25 1 0
github.com/penguincloud/squawk/dns-client-go/pkg/client/doh_client.go:573.25,575.3 1 0
github.com/penguincloud/squawk/dns-client-go/pkg/client/doh_client.go:576.2,576.12 1 0
github.com/penguincloud/squawk/dns-client-go/cmd/squawk-dns-client/main.go:46.13,47.42 1 0
github.com/penguincloud/squawk/dns-client-go/cmd/squawk-dns-client/main.go:47.42,50.3 2 0
github.com/penguincloud/squawk/dns-client-go/cmd/squawk-dns-client/main.go:62.13,94.2 18 0
github.com/penguincloud/squawk/dns-client-go/cmd/squawk-dns-client/main.go:97.51,100.16 2 0
github.com/penguincloud/squawk/dns-client-go/cmd/squawk-dns-client/main.go:100.16,102.3 1 0
github.com/penguincloud/squawk/dns-client-go/cmd/squawk-dns-client/main.go:105.2,107.13 2 0
github.com/penguincloud/squawk/dns-client-go/cmd/squawk-dns-client/main.go:107.13,109.3 1 0
github.com/penguincloud/squawk/dns-client-go/cmd/squawk-dns-client/main.go:112.2,112.65 1 0
github.com/penguincloud/squawk/dns-client-go/cmd/squawk-dns-client/main.go:112.65,119.17 5 0
github.com/penguincloud/squawk/dns-client-go/cmd/squawk-dns-client/main.go:119.17,120.15 1 0
github.com/penguincloud/squawk/dns-client-go/cmd/squawk-dns-client/main.go:120.15,122.5 1 0
github.com/penguincloud/squawk/dns-client-go/cmd/squawk-dns-client/main.go:124.4,124.88 1 0
github.com/penguincloud/squawk/dns-client-go/cmd/squawk-dns-client/main.go:125.9,125.22 1 0
github.com/penguincloud/squawk/dns-client-go/cmd/squawk-dns-client/main.go:125.22,129.4 3 0
github.com/penguincloud/squawk/dns-client-go/cmd/squawk-dns-client/main.go:129.9,129.21 1 0
github.com/penguincloud/squawk/dns-client-go/cmd/squawk-dns-client/main.go:129.21,131.62 2 0
github.com/penguincloud/squawk/dns-client-go/cmd/squawk-dns-client/main.go:131.62,133.5 1 0
github.com/penguincloud/squawk/dns-client-go/cmd/squawk-dns-client/main.go:135.8,135.20 1 0
github.com/penguincloud/squawk/dns-client-go/cmd/squawk-dns-client/main.go:135.20,138.3 2 0
github.com/penguincloud/squawk/dns-client-go/cmd/squawk-dns-client/main.go:141.2,141.63 1 0
github.com/penguincloud/squawk/dns-client-go/cmd/squawk-dns-client/main.go:141.63,143.14 2 0
github.com/penguincloud/squawk/dns-client-go/cmd/squawk-dns-client/main.go:143.14,145.4 1 0
github.com/penguincloud/squawk/dns-client-go/cmd/squawk-dns-client/main.go:149.2,149.22 1 0
github.com/penguincloud/squawk/dns-client-go/cmd/squawk-dns-client/main.go:149.22,152.3 2 0
github.com/penguincloud/squawk/dns-client-go/cmd/squawk-dns-client/main.go:155.2,156.16 2 0
github.com/penguincloud/squawk/dns-client-go/cmd/squawk-dns-client/main.go:156.16,158.3 1 0
github.com/penguincloud/squawk/dns-client-go/cmd/squawk-dns-client/main.go:159.2,159.15 1 0
github.com/penguincloud/squawk/dns-client-go/cmd/squawk-dns-client/main.go:159.15,160.43 1 0
github.com/penguincloud/squawk/dns-client-go/cmd/squawk-dns-client/main.go:160.43,162.4 1 0
github.com/penguincloud/squawk/dns-client-go/cmd/squawk-dns-client/main.go:166.2,166.56 1 0
github.com/penguincloud/squawk/dns-client-go/cmd/squawk-dns-client/main.go:166.56,169.3 2 0
github.com/penguincloud/squawk/dns-client-go/cmd/squawk-dns-client/main.go:172.2,176.16 4 0
github.com/penguincloud/squawk/dns-client-go/cmd/squawk-dns-client/main.go:176.16,178.3 1 0
github.com/penguincloud/squawk/dns-client-go/cmd/squawk-dns-client/main.go:181.2,181.16 1 0
github.com/penguincloud/squawk/dns-client-go/cmd/squawk-dns-client/main.go:181.16,184.3 2 0
github.com/penguincloud/squawk/dns-client-go/cmd/squawk-dns-client/main.go:184.8,186.3 1 0
github.com/penguincloud/squawk/dns-client-go/cmd/squawk-dns-client/main.go:190.53,192.2 1 0
github.com/penguincloud/squawk/dns-client-go/cmd/squawk-dns-client/main.go:195.73,196.18 1 0
github.com/penguincloud/squawk/dns-client-go/cmd/squawk-dns-client/main.go:196.18,198.3 1 0
github.com/penguincloud/squawk/dns-client-go/cmd/squawk-dns-client/main.go:199.2,199.22 1 0
github.com/penguincloud/squawk/dns-client-go/cmd/squawk-dns-client/main.go:199.22,201.3 1 0
github.com/penguincloud/squawk/dns-client-go/cmd/squawk-dns-client/main.go:202.2,202.21 1 0
github.com/penguincloud/squawk/dns-client-go/cmd/squawk-dns-client/main.go:202.21,204.3 1 0
github.com/penguincloud/squawk/dns-client-go/cmd/squawk-dns-client/main.go:205.2,205.21 1 0
github.com/penguincloud/squawk/dns-client-go/cmd/squawk-dns-client/main.go:205.21,207.3 1 0
github.com/penguincloud/squawk/dns-client-go/cmd/squawk-dns-client/main.go:208.2,208.22 1 0
github.com/penguincloud/squawk/dns-client-go/cmd/squawk-dns-client/main.go:208.22,210.3 1 0
github.com/penguincloud/squawk/dns-client-go/cmd/squawk-dns-client/main.go:211.2,211.21 1 0
github.com/penguincloud/squawk/dns-client-go/cmd/squawk-dns-client/main.go:211.21,213.3 1 0
github.com/penguincloud/squawk/dns-client-go/cmd/squawk-dns-client/main.go:214.2,214.18 1 0
github.com/penguincloud/squawk/dns-client-go/cmd/squawk-dns-client/main.go:214.18,216.3 1 0
github.com/penguincloud/squawk/dns-client-go/cmd/squawk-dns-client/main.go:217.2,217.39 1 0
github.com/penguincloud/squawk/dns-client-go/cmd/squawk-dns-client/main.go:217.39,219.3 1 0
github.com/penguincloud/squawk/dns-client-go/cmd/squawk-dns-client/main.go:220.2,220.16 1 0
github.com/penguincloud/squawk/dns-client-go/cmd/squawk-dns-client/main.go:220.16,222.3 1 0
github.com/penguincloud/squawk/dns-client-go/cmd/squawk-dns-client/main.go:223.2,223.16 1 0
github.com/penguincloud/squawk/dns-client-go/cmd/squawk-dns-client/main.go:223.16,225.3 1 0
github.com/penguincloud/squawk/dns-client-go/cmd/squawk-dns-client/main.go:229.71,242.33 7 0
github.com/penguincloud/squawk/dns-client-go/cmd/squawk-dns-client/main.go:242.33,249.45 3 0
github.com/penguincloud/squawk/dns-client-go/cmd/squawk-dns-client/main.go:249.45,251.4 1 0
github.com/penguincloud/squawk/dns-client-go/cmd/squawk-dns-client/main.go:251.9,251.21 1 0
github.com/penguincloud/squawk/dns-client-go/cmd/squawk-dns-client/main.go:251.21,253.4 1 0
github.com/penguincloud/squawk/dns-client-go/cmd/squawk-dns-client/main.go:257.2,257.12 1 0
github.com/penguincloud/squawk/dns-client-go/cmd/squawk-dns-client/main.go:257.12,258.40 1 0
github.com/penguincloud/squawk/dns-client-go/cmd/squawk-dns-client/main.go:258.40,260.4 1 0
github.com/penguincloud/squawk/dns-client-go/cmd/squawk-dns-client/main.go:264.2,268.24 3 0
github.com/penguincloud/squawk/dns-client-go/cmd/squawk-dns-client/main.go:268.24,269.44 1 0
github.com/penguincloud/squawk/dns-client-go/cmd/squawk-dns-client/main.go:269.44,271.4 1 0
github.com/penguincloud/squawk/dns-client-go/cmd/squawk-dns-client/main.go:274.2,277.29 2 0
github.com/penguincloud/squawk/dns-client-go/cmd/squawk-dns-client/main.go:281.53,284.28 2 0
github.com/penguincloud/squawk/dns-client-go/cmd/squawk-dns-client/main.go:284.28,286.3 1 0
github.com/penguincloud/squawk/dns-client-go/cmd/squawk-dns-client/main.go:288.2,288.30 1 0
github.com/penguincloud/squawk/dns-client-go/cmd/squawk-dns-client/main.go:288.30,290.42 2 0
github.com/penguincloud/squawk/dns-client-go/cmd/squawk-dns-client/main.go:290.42,292.4 1 0
github.com/penguincloud/squawk/dns-client-go/cmd/squawk-dns-client/main.go:293.8,295.3 1 0
github.com/penguincloud/squawk/dns-client-go/cmd/squawk-dns-client/main.go:305.47,308.17 2 0
github.com/penguincloud/squawk/dns-client-go/cmd/squawk-dns-client/main.go:308.17,310.4 1 0
github.com/penguincloud/squawk/dns-client-go/cmd/squawk-dns-client/main.go:313.3,316.33 2 0
github.com/penguincloud/squawk/dns-client-go/cmd/squawk-dns-client/main.go:316.33,319.4 2 0
github.com/penguincloud/squawk/dns-client-go/cmd/squawk-dns-client/main.go:321.3,321.14 1 0
github.com/penguincloud/squawk/dns-client-go/cmd/squawk-dns-client/main.go:321.14,323.4 1 0
github.com/penguincloud/squawk/dns-client-go/cmd/squawk-dns-client/main.go:326.3,326.66 1 0
github.com/penguincloud/squawk/dns-client-go/cmd/squawk-dns-client/main.go:326.66,333.18 5 0
github.com/penguincloud/squawk/dns-client-go/cmd/squawk-dns-client/main.go:333.18,336.5 2 0
github.com/penguincloud/squawk/dns-client-go/cmd/squawk-dns-client/main.go:336.10,336.23 1 0
github.com/penguincloud/squawk/dns-client-go/cmd/squawk-dns-client/main.go:336.23,340.5 3 0
github.com/penguincloud/squawk/dns-client-go/cmd/squawk-dns-client/main.go:340.10,340.22 1 0
github.com/penguincloud/squawk/dns-client-go/cmd/squawk-dns-client/main.go:340.22,342.5 1 0
github.com/penguincloud/squawk/dns-client-go/cmd/squawk-dns-client/main.go:343.9,343.21 1 0
github.com/penguincloud/squawk/dns-client-go/cmd/squawk-dns-client/main.go:343.21,346.4 2 0
github.com/penguincloud/squawk/dns-client-go/cmd/squawk-dns-client/main.go:349.3,349.64 1 0
github.com/penguincloud/squawk/dns-client-go/cmd/squawk-dns-client/main.go:349.64,351.15 2 0
github.com/penguincloud/squawk/dns-client-go/cmd/squawk-dns-client/main.go:351.15,353.5 1 0
github.com/penguincloud/squawk/dns-client-go/cmd/squawk-dns-client/main.go:357.3,358.17 2 0
github.com/penguincloud/squawk/dns-client-go/cmd/squawk-dns-client/main.go:358.17,360.4 1 0
github.com/penguincloud/squawk/dns-client-go/cmd/squawk-dns-client/main.go:361.3,361.16 1 0
github.com/penguincloud/squawk/dns-client-go/cmd/squawk-dns-client/main.go:361.16,362.43 1 0
github.com/penguincloud/squawk/dns-client-go/cmd/squawk-dns-client/main.go:362.43,364.4 1 0
github.com/penguincloud/squawk/dns-client-go/cmd/squawk-dns-client/main.go:368.3,368.31 1 0
github.com/penguincloud/squawk/dns-client-go/cmd/squawk-dns-client/main.go:382.47,384.17 2 0
github.com/penguincloud/squawk/dns-client-go/cmd/squawk-dns-client/main.go:384.17,386.4 1 0
github.com/penguincloud/squawk/dns-client-go/cmd/squawk-dns-client/main.go:387.3,387.28 1 0
github.com/penguincloud/squawk/dns-client-go/cmd/squawk-dns-client/main.go:394.47,397.46 3 0
github.com/penguincloud/squawk/dns-client-go/cmd/squawk-dns-client/main.go:397.46,399.19 2 0
github.com/penguincloud/squawk/dns-client-go/cmd/squawk-dns-client/main.go:399.19,400.56 1 0
github.com/penguincloud/squawk/dns-client-go/cmd/squawk-dns-client/main.go:400.56,402.6 1 0
github.com/penguincloud/squawk/dns-client-go/cmd/squawk-dns-client/main.go:403.5,403.43 1 0
github.com/penguincloud/squawk/dns-client-go/cmd/squawk-dns-client/main.go:404.10,406.5 1 0
github.com/penguincloud/squawk/dns-client-go/cmd/squawk-dns-client/main.go:415.47,417.20 2 0
github.com/penguincloud/squawk/dns-client-go/cmd/squawk-dns-client/main.go:417.20,419.4 1 0
github.com/penguincloud/squawk/dns-client-go/cmd/squawk-dns-client/main.go:421.3,426.58 5 0
github.com/penguincloud/squawk/dns-client-go/cmd/squawk-dns-client/main.go:426.58,428.4 1 0
github.com/penguincloud/squawk/dns-client-go/cmd/squawk-dns-client/main.go:430.3,430.64 1 0
github.com/penguincloud/squawk/dns-client-go/cmd/squawk-dns-client/main.go:438.47,443.3 4 0
github.com/penguincloud/squawk/dns-client-go/cmd/squawk-dns-client/main.go:458.47,461.17 2 0
github.com/penguincloud/squawk/dns-client-go/cmd/squawk-dns-client/main.go:461.17,463.4 1 0
github.com/penguincloud/squawk/dns-client-go/cmd/squawk-dns-client/main.go:466.3,472.17 5 0
github.com/penguincloud/squawk/dns-client-go/cmd/squawk-dns-client/main.go:472.17,475.4 2 0
github.com/penguincloud/squawk/dns-client-go/cmd/squawk-dns-client/main.go:478.3,478.19 1 0
github.com/penguincloud/squawk/dns-client-go/cmd/squawk-dns-client/main.go:478.19,480.4 1 0
github.com/penguincloud/squawk/dns-client-go/cmd/squawk-dns-client/main.go:480.9,482.4 1 0
github.com/penguincloud/squawk/dns-client-go/cmd/squawk-dns-client/main.go:484.3,484.27 1 0
github.com/penguincloud/squawk/dns-client-go/cmd/squawk-dns-client/main.go:484.27,486.4 1 0
github.com/penguincloud/squawk/dns-client-go/cmd/squawk-dns-client/main.go:488.3,488.30 1 0
github.com/penguincloud/squawk/dns-client-go/cmd/squawk-dns-client/main.go:488.30,490.4 1 0
github.com/penguincloud/squawk/dns-client-go/cmd/squawk-dns-client/main.go:492.3,492.30 1 0
github.com/penguincloud/squawk/dns-client-go/cmd/squawk-dns-client/main.go:492.30,494.4 1 0
github.com/penguincloud/squawk/dns-client-go/cmd/squawk-dns-client/main.go:496.3,496.58 1 0
github.com/penguincloud/squawk/dns-client-go/cmd/squawk-dns-client/main.go:496.58,498.4 1 0
github.com/penguincloud/squawk/dns-client-go/cmd/squawk-dns-client/main.go:500.3,500.20 1 0
github.com/penguincloud/squawk/dns-client-go/cmd/squawk-dns-client/main.go:500.20,503.4 2 0
github.com/penguincloud/squawk/dns-client-go/cmd/squawk-dns-client/main.go:510.13,519.2 4 0
github.com/penguincloud/squawk/dns-client-go/pkg/forwarder/forwarder.go:16.35,17.15 1 0
github.com/penguincloud/squawk/dns-client-go/pkg/forwarder/forwarder.go:17.15,19.3 1 0
github.com/penguincloud/squawk/dns-client-go/pkg/forwarder/forwarder.go:20.2,20.24 1 0
github.com/penguincloud/squawk/dns-client-go/pkg/forwarder/forwarder.go:20.24,22.3 1 0
github.com/penguincloud/squawk/dns-client-go/pkg/forwarder/forwarder.go:23.2,23.22 1 0
github.com/penguincloud/squawk/dns-client-go/pkg/forwarder/forwarder.go:50.75,51.19 1 0
github.com/penguincloud/squawk/dns-client-go/pkg/forwarder/forwarder.go:51.19,58.3 1 0
github.com/penguincloud/squawk/dns-client-go/pkg/forwarder/forwarder.go:60.2,67.3 1 0
github.com/penguincloud/squawk/dns-client-go/pkg/forwarder/forwarder.go:71.54,73.15 2 0
github.com/penguincloud/squawk/dns-client-go/pkg/forwarder/forwarder.go:73.15,76.3 2 0
github.com/penguincloud/squawk/dns-client-go/pkg/forwarder/forwarder.go:77.2,82.17 4 0
github.com/penguincloud/squawk/dns-client-go/pkg/forwarder/forwarder.go:82.17,89.13 3 0
github.com/penguincloud/squawk/dns-client-go/pkg/forwarder/forwarder.go:89.13,92.55 3 0
github.com/penguincloud/squawk/dns-client-go/pkg/forwarder/forwarder.go:92.55,94.5 1 0
github.com/penguincloud/squawk/dns-client-go/pkg/forwarder/forwarder.go:98.2,98.17 1 0
github.com/penguincloud/squawk/dns-client-go/pkg/forwarder/forwarder.go:98.17,105.13 3 0
github.com/penguincloud/squawk/dns-client-go/pkg/forwarder/forwarder.go:105.13,108.55 3 0
github.com/penguincloud/squawk/dns-client-go/pkg/forwarder/forwarder.go:108.55,110.5 1 0
github.com/penguincloud/squawk/dns-client-go/pkg/forwarder/forwarder.go:115.2,115.9 1 0
github.com/penguincloud/squawk/dns-client-go/pkg/forwarder/forwarder.go:116.20,117.18 1 0
github.com/penguincloud/squawk/dns-client-go/pkg/forwarder/forwarder.go:118.18,119.13 1 0
github.com/penguincloud/squawk/dns-client-go/pkg/forwarder/forwarder.go:124.34,126.16 2 0
github.com/penguincloud/squawk/dns-client-go/pkg/forwarder/forwarder.go:126.16,129.3 2 0
github.com/penguincloud/squawk/dns-client-go/pkg/forwarder/forwarder.go:130.2,135.24 4 0
github.com/penguincloud/squawk/dns-client-go/pkg/forwarder/forwarder.go:135.24,136.48 1 0
github.com/penguincloud/squawk/dns-client-go/pkg/forwarder/forwarder.go:136.48,138.4 1 0
github.com/penguincloud/squawk/dns-client-go/pkg/forwarder/forwarder.go:141.2,141.24 1 0
github.com/penguincloud/squawk/dns-client-go/pkg/forwarder/forwarder.go:141.24,142.48 1 0
github.com/penguincloud/squawk/dns-client-go/pkg/forwarder/forwarder.go:142.48,144.4 1 0
github.com/penguincloud/squawk/dns-client-go/pkg/forwarder/forwarder.go:147.2,151.12 4 0
github.com/penguincloud/squawk/dns-client-go/pkg/forwarder/forwarder.go:155.72,165.31 7 0
github.com/penguincloud/squawk/dns-client-go/pkg/forwarder/forwarder.go:165.31,173.17 4 0
github.com/penguincloud/squawk/dns-client-go/pkg/forwarder/forwarder.go:173.17,176.12 3 0
github.com/penguincloud/squawk/dns-client-go/pkg/forwarder/forwarder.go:180.3,180.47 1 0
github.com/penguincloud/squawk/dns-client-go/pkg/forwarder/forwarder.go:180.47,181.39 1 0
github.com/penguincloud/squawk/dns-client-go/pkg/forwarder/forwarder.go:181.39,183.18 2 0
github.com/penguincloud/squawk/dns-client-go/pkg/forwarder/forwarder.go:183.18,185.6 1 0
github.com/penguincloud/squawk/dns-client-go/pkg/forwarder/forwarder.go:187.9,189.24 1 0
github.com/penguincloud/squawk/dns-client-go/pkg/forwarder/forwarder.go:189.24,191.5 1 0
github.com/penguincloud/squawk/dns-client-go/pkg/forwarder/forwarder.go:191.10,193.5 1 0
github.com/penguincloud/squawk/dns-client-go/pkg/forwarder/forwarder.go:198.2,198.40 1 0
github.com/penguincloud/squawk/dns-client-go/pkg/forwarder/forwarder.go:198.40,200.3 1 0
github.com/penguincloud/squawk/dns-client-go/pkg/forwarder/forwarder.go:204.94,206.24 1 0
github.com/penguincloud/squawk/dns-client-go/pkg/forwarder/forwarder.go:207.17,208.67 1 0
github.com/penguincloud/squawk/dns-client-go/pkg/forwarder/forwarder.go:208.67,218.4 1 0
github.com/penguincloud/squawk/dns-client-go/pkg/forwarder/forwarder.go:219.20,220.68 1 0
github.com/penguincloud/squawk/dns-client-go/pkg/forwarder/forwarder.go:220.68,230.4 1 0
github.com/penguincloud/squawk/dns-client-go/pkg/forwarder/forwarder.go:231.21,240.4 1 0
github.com/penguincloud/squawk/dns-client-go/pkg/forwarder/forwarder.go:241.18,251.4 1 0
github.com/penguincloud/squawk/dns-client-go/pkg/forwarder/forwarder.go:252.19,261.4 1 0
github.com/penguincloud/squawk/dns-client-go/pkg/forwarder/forwarder.go:262.18,271.4 1 0
github.com/penguincloud/squawk/dns-client-go/pkg/forwarder/forwarder.go:275.2,276.12 2 0
github.com/penguincloud/squawk/dns-client-go/pkg/forwarder/forwarder.go:280.38,284.2 3 0
github.com/penguincloud/squawk/dns-client-go/pkg/config/config.go:35.33,65.2 1 0
github.com/penguincloud/squawk/dns-client-go/pkg/config/config.go:68.56,72.22 2 0
github.com/penguincloud/squawk/dns-client-go/pkg/config/config.go:72.22,73.58 1 0
github.com/penguincloud/squawk/dns-client-go/pkg/config/config.go:73.58,75.4 1 0
github.com/penguincloud/squawk/dns-client-go/pkg/config/config.go:79.2,82.47 2 0
github.com/penguincloud/squawk/dns-client-go/pkg/config/config.go:82.47,84.3 1 0
github.com/penguincloud/squawk/dns-client-go/pkg/config/config.go:86.2,86.20 1 0
github.com/penguincloud/squawk/dns-client-go/pkg/config/config.go:90.61,92.38 1 0
github.com/penguincloud/squawk/dns-client-go/pkg/config/config.go:92.38,94.3 1 0
github.com/penguincloud/squawk/dns-client-go/pkg/config/config.go:97.2,98.16 2 0
github.com/penguincloud/squawk/dns-client-go/pkg/config/config.go:98.16,100.3 1 0
github.com/penguincloud/squawk/dns-client-go/pkg/config/config.go:102.2,102.53 1 0
github.com/penguincloud/squawk/dns-client-go/pkg/config/config.go:102.53,104.3 1 0
github.com/penguincloud/squawk/dns-client-go/pkg/config/config.go:106.2,106.12 1 0
github.com/penguincloud/squawk/dns-client-go/pkg/config/config.go:110.37,116.56 3 0
github.com/penguincloud/squawk/dns-client-go/pkg/config/config.go:116.56,118.3 1 0
github.com/penguincloud/squawk/dns-client-go/pkg/config/config.go:119.2,119.69 1 0
github.com/penguincloud/squawk/dns-client-go/pkg/config/config.go:119.69,121.3 1 0
github.com/penguincloud/squawk/dns-client-go/pkg/config/config.go:122.2,122.56 1 0
github.com/penguincloud/squawk/dns-client-go/pkg/config/config.go:122.56,124.3 1 0
github.com/penguincloud/squawk/dns-client-go/pkg/config/config.go:127.2,127.66 1 0
github.com/penguincloud/squawk/dns-client-go/pkg/config/config.go:127.66,129.3 1 0
github.com/penguincloud/squawk/dns-client-go/pkg/config/config.go:132.2,132.69 1 0
github.com/penguincloud/squawk/dns-client-go/pkg/config/config.go:132.69,134.28 2 0
github.com/penguincloud/squawk/dns-client-go/pkg/config/config.go:134.28,136.4 1 0
github.com/penguincloud/squawk/dns-client-go/pkg/config/config.go:137.3,137.34 1 0
github.com/penguincloud/squawk/dns-client-go/pkg/config/config.go:141.2,141.69 1 0
github.com/penguincloud/squawk/dns-client-go/pkg/config/config.go:141.69,142.74 1 0
github.com/penguincloud/squawk/dns-client-go/pkg/config/config.go:142.74,144.4 1 0
github.com/penguincloud/squawk/dns-client-go/pkg/config/config.go:147.2,147.69 1 0
github.com/penguincloud/squawk/dns-client-go/pkg/config/config.go:147.69,148.70 1 0
github.com/penguincloud/squawk/dns-client-go/pkg/config/config.go:148.70,150.4 1 0
github.com/penguincloud/squawk/dns-client-go/pkg/config/config.go:152.2,152.66 1 0
github.com/penguincloud/squawk/dns-client-go/pkg/config/config.go:152.66,154.3 1 0
github.com/penguincloud/squawk/dns-client-go/pkg/config/config.go:155.2,155.69 1 0
github.com/penguincloud/squawk/dns-client-go/pkg/config/config.go:155.69,157.3 1 0
github.com/penguincloud/squawk/dns-client-go/pkg/config/config.go:159.2,159.67 1 0
github.com/penguincloud/squawk/dns-client-go/pkg/config/config.go:159.67,161.3 1 0
github.com/penguincloud/squawk/dns-client-go/pkg/config/config.go:163.2,163.66 1 0
github.com/penguincloud/squawk/dns-client-go/pkg/config/config.go:163.66,165.3 1 0
github.com/penguincloud/squawk/dns-client-go/pkg/config/config.go:167.2,167.64 1 0
github.com/penguincloud/squawk/dns-client-go/pkg/config/config.go:167.64,169.3 1 0
github.com/penguincloud/squawk/dns-client-go/pkg/config/config.go:171.2,171.57 1 0
github.com/penguincloud/squawk/dns-client-go/pkg/config/config.go:171.57,173.3 1 0
github.com/penguincloud/squawk/dns-client-go/pkg/config/config.go:175.2,175.55 1 0
github.com/penguincloud/squawk/dns-client-go/pkg/config/config.go:175.55,177.3 1 0
github.com/penguincloud/squawk/dns-client-go/pkg/config/config.go:179.2,179.66 1 0
github.com/penguincloud/squawk/dns-client-go/pkg/config/config.go:179.66,180.59 1 0
github.com/penguincloud/squawk/dns-client-go/pkg/config/config.go:180.59,182.4 1 0
github.com/penguincloud/squawk/dns-client-go/pkg/config/config.go:186.2,186.63 1 0
github.com/penguincloud/squawk/dns-client-go/pkg/config/config.go:186.63,188.3 1 0
github.com/penguincloud/squawk/dns-client-go/pkg/config/config.go:189.2,189.63 1 0
github.com/penguincloud/squawk/dns-client-go/pkg/config/config.go:189.63,191.3 1 0
github.com/penguincloud/squawk/dns-client-go/pkg/config/config.go:192.2,192.66 1 0
github.com/penguincloud/squawk/dns-client-go/pkg/config/config.go:192.66,193.59 1 0
github.com/penguincloud/squawk/dns-client-go/pkg/config/config.go:193.59,195.4 1 0
github.com/penguincloud/squawk/dns-client-go/pkg/config/config.go:197.2,197.66 1 0
github.com/penguincloud/squawk/dns-client-go/pkg/config/config.go:197.66,198.59 1 0
github.com/penguincloud/squawk/dns-client-go/pkg/config/config.go:198.59,200.4 1 0
github.com/penguincloud/squawk/dns-client-go/pkg/config/config.go:204.2,204.88 1 0
github.com/penguincloud/squawk/dns-client-go/pkg/config/config.go:204.88,206.3 1 0
github.com/penguincloud/squawk/dns-client-go/pkg/config/config.go:207.2,207.69 1 0
github.com/penguincloud/squawk/dns-client-go/pkg/config/config.go:207.69,209.3 1 0
github.com/penguincloud/squawk/dns-client-go/pkg/config/config.go:210.2,210.66 1 0
github.com/penguincloud/squawk/dns-client-go/pkg/config/config.go:210.66,212.3 1 0
github.com/penguincloud/squawk/dns-client-go/pkg/config/config.go:213.2,213.81 1 0
github.com/penguincloud/squawk/dns-client-go/pkg/config/config.go:213.81,214.64 1 0
github.com/penguincloud/squawk/dns-client-go/pkg/config/config.go:214.64,216.4 1 0
github.com/penguincloud/squawk/dns-client-go/pkg/config/config.go:218.2,218.74 1 0
github.com/penguincloud/squawk/dns-client-go/pkg/config/config.go:218.74,219.65 1 0
github.com/penguincloud/squawk/dns-client-go/pkg/config/config.go:219.65,221.4 1 0
github.com/penguincloud/squawk/dns-client-go/pkg/config/config.go:226.46,227.19 1 0
github.com/penguincloud/squawk/dns-client-go/pkg/config/config.go:227.19,229.3 1 0
github.com/penguincloud/squawk/dns-client-go/pkg/config/config.go:231.2,231.26 1 0
github.com/penguincloud/squawk/dns-client-go/pkg/config/config.go:231.26,233.3 1 0
github.com/penguincloud/squawk/dns-client-go/pkg/config/config.go:235.2,235.35 1 0
github.com/penguincloud/squawk/dns-client-go/pkg/config/config.go:235.35,237.3 1 0
github.com/penguincloud/squawk/dns-client-go/pkg/config/config.go:240.2,240.69 1 0
github.com/penguincloud/squawk/dns-client-go/pkg/config/config.go:240.69,242.3 1 0
github.com/penguincloud/squawk/dns-client-go/pkg/config/config.go:243.2,243.69 1 0
github.com/penguincloud/squawk/dns-client-go/pkg/config/config.go:243.69,245.3 1 0
github.com/penguincloud/squawk/dns-client-go/pkg/config/config.go:248.2,248.36 1 0
github.com/penguincloud/squawk/dns-client-go/pkg/config/config.go:248.36,249.70 1 0
github.com/penguincloud/squawk/dns-client-go/pkg/config/config.go:249.70,251.4 1 0
github.com/penguincloud/squawk/dns-client-go/pkg/config/config.go:253.2,253.35 1 0
github.com/penguincloud/squawk/dns-client-go/pkg/config/config.go:253.35,254.69 1 0
github.com/penguincloud/squawk/dns-client-go/pkg/config/config.go:254.69,256.4 1 0
github.com/penguincloud/squawk/dns-client-go/pkg/config/config.go:258.2,258.32 1 0
github.com/penguincloud/squawk/dns-client-go/pkg/config/config.go:258.32,259.66 1 0
github.com/penguincloud/squawk/dns-client-go/pkg/config/config.go:259.66,261.4 1 0
github.com/penguincloud/squawk/dns-client-go/pkg/config/config.go:265.2,265.27 1 0
github.com/penguincloud/squawk/dns-client-go/pkg/config/config.go:265.27,267.3 1 0
github.com/penguincloud/squawk/dns-client-go/pkg/config/config.go:270.2,270.71 1 0
github.com/penguincloud/squawk/dns-client-go/pkg/config/config.go:270.72,273.3 0 0
github.com/penguincloud/squawk/dns-client-go/pkg/config/config.go:275.2,275.12 1 0
github.com/penguincloud/squawk/dns-client-go/pkg/config/config.go:279.59,281.16 2 0
github.com/penguincloud/squawk/dns-client-go/pkg/config/config.go:281.16,283.3 1 0
github.com/penguincloud/squawk/dns-client-go/pkg/config/config.go:285.2,285.59 1 0
github.com/penguincloud/squawk/dns-client-go/pkg/config/config.go:285.59,287.3 1 0
github.com/penguincloud/squawk/dns-client-go/pkg/config/config.go:289.2,289.12 1 0
github.com/penguincloud/squawk/dns-client-go/pkg/config/config.go:293.31,321.2 1 0
github.com/penguincloud/squawk/dns-client-go/pkg/config/config.go:324.37,350.2 23 0
github.com/penguincloud/squawk/dns-client-go/pkg/config/config.go:353.37,354.17 1 0
github.com/penguincloud/squawk/dns-client-go/pkg/config/config.go:354.17,356.3 1 0
github.com/penguincloud/squawk/dns-client-go/pkg/config/config.go:357.2,357.21 1 0
github.com/penguincloud/squawk/dns-client-go/pkg/config/config.go:357.21,359.3 1 0
github.com/penguincloud/squawk/dns-client-go/pkg/config/config.go:360.2,360.77 1 0
github.com/penguincloud/squawk/dns-client-go/pkg/license/validator.go:46.57,59.2 1 0
github.com/penguincloud/squawk/dns-client-go/pkg/license/validator.go:62.87,63.21 1 0
github.com/penguincloud/squawk/dns-client-go/pkg/license/validator.go:63.21,68.3 1 0
github.com/penguincloud/squawk/dns-client-go/pkg/license/validator.go:70.2,74.31 3 0
github.com/penguincloud/squawk/dns-client-go/pkg/license/validator.go:74.31,75.61 1 0
github.com/penguincloud/squawk/dns-client-go/pkg/license/validator.go:75.61,81.4 2 0
github.com/penguincloud/squawk/dns-client-go/pkg/license/validator.go:83.2,86.30 2 0
github.com/penguincloud/squawk/dns-client-go/pkg/license/validator.go:86.30,88.61 2 0
github.com/penguincloud/squawk/dns-client-go/pkg/license/validator.go:88.61,89.83 1 0
github.com/penguincloud/squawk/dns-client-go/pkg/license/validator.go:89.83,95.5 2 0
github.com/penguincloud/squawk/dns-client-go/pkg/license/validator.go:97.3,97.25 1 0
github.com/penguincloud/squawk/dns-client-go/pkg/license/validator.go:101.2,101.30 1 0
github.com/penguincloud/squawk/dns-client-go/pkg/license/validator.go:101.30,103.3 1 0
github.com/penguincloud/squawk/dns-client-go/pkg/license/validator.go:105.2,105.31 1 0
github.com/penguincloud/squawk/dns-client-go/pkg/license/validator.go:105.31,107.3 1 0
github.com/penguincloud/squawk/dns-client-go/pkg/license/validator.go:109.2,112.56 1 0
github.com/penguincloud/squawk/dns-client-go/pkg/license/validator.go:116.90,122.16 3 0
github.com/penguincloud/squawk/dns-client-go/pkg/license/validator.go:122.16,124.3 1 0
github.com/penguincloud/squawk/dns-client-go/pkg/license/validator.go:126.2,127.16 2 0
github.com/penguincloud/squawk/dns-client-go/pkg/license/validator.go:127.16,129.3 1 0
github.com/penguincloud/squawk/dns-client-go/pkg/license/validator.go:131.2,135.16 4 0
github.com/penguincloud/squawk/dns-client-go/pkg/license/validator.go:135.16,140.3 1 0
github.com/penguincloud/squawk/dns-client-go/pkg/license/validator.go:141.2,144.75 3 0
github.com/penguincloud/squawk/dns-client-go/pkg/license/validator.go:144.75,146.3 1 0
github.com/penguincloud/squawk/dns-client-go/pkg/license/validator.go:148.2,156.29 6 0
github.com/penguincloud/squawk/dns-client-go/pkg/license/validator.go:160.89,162.16 2 0
github.com/penguincloud/squawk/dns-client-go/pkg/license/validator.go:162.16,164.3 1 0
github.com/penguincloud/squawk/dns-client-go/pkg/license/validator.go:166.2,170.16 4 0
github.com/penguincloud/squawk/dns-client-go/pkg/license/validator.go:170.16,175.3 1 0
github.com/penguincloud/squawk/dns-client-go/pkg/license/validator.go:176.2,179.75 3 0
github.com/penguincloud/squawk/dns-client-go/pkg/license/validator.go:179.75,181.3 1 0
github.com/penguincloud/squawk/dns-client-go/pkg/license/validator.go:183.2,191.29 6 0
github.com/penguincloud/squawk/dns-client-go/pkg/license/validator.go:195.77,205.2 3 0
github.com/penguincloud/squawk/dns-client-go/pkg/license/validator.go:208.64,213.31 3 0
github.com/penguincloud/squawk/dns-client-go/pkg/license/validator.go:213.31,214.33 1 0
github.com/penguincloud/squawk/dns-client-go/pkg/license/validator.go:214.33,215.19 1 0
github.com/penguincloud/squawk/dns-client-go/pkg/license/validator.go:215.19,218.5 2 0
github.com/penguincloud/squawk/dns-client-go/pkg/license/validator.go:221.2,224.16 3 0
github.com/penguincloud/squawk/dns-client-go/pkg/license/validator.go:224.16,227.33 2 0
github.com/penguincloud/squawk/dns-client-go/pkg/license/validator.go:227.33,229.105 1 0
github.com/penguincloud/squawk/dns-client-go/pkg/license/validator.go:229.105,232.5 2 0
github.com/penguincloud/squawk/dns-client-go/pkg/license/validator.go:234.3,235.20 2 0
github.com/penguincloud/squawk/dns-client-go/pkg/license/validator.go:238.2,238.28 1 0
github.com/penguincloud/squawk/dns-client-go/pkg/license/validator.go:242.81,244.2 1 0
github.com/penguincloud/squawk/dns-client-go/pkg/license/validator.go:247.34,251.2 3 0
github.com/penguincloud/squawk/dns-client-go/pkg/license/validator.go:254.73,256.16 2 0
github.com/penguincloud/squawk/dns-client-go/pkg/license/validator.go:256.16,258.3 1 0
github.com/penguincloud/squawk/dns-client-go/pkg/license/validator.go:260.2,260.60 1 0
github.com/penguincloud/squawk/dns-client-go/pkg/license/validator.go:260.60,261.19 1 0
github.com/penguincloud/squawk/dns-client-go/pkg/license/validator.go:261.19,263.4 1 0
github.com/penguincloud/squawk/dns-client-go/pkg/license/validator.go:264.3,264.23 1 0
github.com/penguincloud/squawk/dns-client-go/pkg/license/validator.go:267.2,267.26 1 0
github.com/penguincloud/squawk/dns-client-go/pkg/license/validator.go:267.26,269.3 1 0
github.com/penguincloud/squawk/dns-client-go/pkg/license/validator.go:271.2,271.29 1 0
github.com/penguincloud/squawk/dns-client-go/pkg/license/validator.go:271.29,273.3 1 0
github.com/penguincloud/squawk/dns-client-go/pkg/license/validator.go:275.2,275.29 1 0
github.com/penguincloud/squawk/dns-client-go/pkg/license/validator.go:275.29,277.3 1 0
github.com/penguincloud/squawk/dns-client-go/pkg/license/validator.go:279.2,279.57 1 0
github.com/penguincloud/squawk/dns-client-go/pkg/license/validator.go:279.57,281.3 1 0
github.com/penguincloud/squawk/dns-client-go/pkg/license/validator.go:283.2,283.18 1 0
github.com/penguincloud/squawk/dns-client-go/pkg/logger/logger.go:24.43,29.2 1 0
github.com/penguincloud/squawk/dns-client-go/pkg/logger/logger.go:32.65,34.2 1 0
github.com/penguincloud/squawk/dns-client-go/pkg/logger/logger.go:37.66,38.15 1 0
github.com/penguincloud/squawk/dns-client-go/pkg/logger/logger.go:38.15,40.3 1 0
github.com/penguincloud/squawk/dns-client-go/pkg/logger/logger.go:44.66,46.2 1 0
github.com/penguincloud/squawk/dns-client-go/pkg/logger/logger.go:49.67,51.2 1 0
github.com/penguincloud/squawk/dns-client-go/pkg/performance/dns_performance.go:79.49,85.2 1 0
github.com/penguincloud/squawk/dns-client-go/pkg/performance/dns_performance.go:87.53,89.52 2 0
github.com/penguincloud/squawk/dns-client-go/pkg/performance/dns_performance.go:89.52,91.3 1 0
github.com/penguincloud/squawk/dns-client-go/pkg/performance/dns_performance.go:93.2,93.49 1 0
github.com/penguincloud/squawk/dns-client-go/pkg/performance/dns_performance.go:93.49,95.3 1 0
github.com/penguincloud/squawk/dns-client-go/pkg/performance/dns_performance.go:97.2,97.12 1 0
github.com/penguincloud/squawk/dns-client-go/pkg/performance/dns_performance.go:123.93,135.49 2 0
github.com/penguincloud/squawk/dns-client-go/pkg/performance/dns_performance.go:135.49,137.17 2 0
github.com/penguincloud/squawk/dns-client-go/pkg/performance/dns_performance.go:137.17,139.4 1 0
github.com/penguincloud/squawk/dns-client-go/pkg/performance/dns_performance.go:143.2,143.22 1 0
github.com/penguincloud/squawk/dns-client-go/pkg/performance/dns_performance.go:143.22,145.17 2 0
github.com/penguincloud/squawk/dns-client-go/pkg/performance/dns_performance.go:145.17,149.4 3 0
github.com/penguincloud/squawk/dns-client-go/pkg/performance/dns_performance.go:152.2,167.40 4 0
github.com/penguincloud/squawk/dns-client-go/pkg/performance/dns_performance.go:167.40,169.3 1 0
github.com/penguincloud/squawk/dns-client-go/pkg/performance/dns_performance.go:170.2,183.3 2 0
github.com/penguincloud/squawk/dns-client-go/pkg/performance/dns_performance.go:187.48,199.2 5 0
github.com/penguincloud/squawk/dns-client-go/pkg/performance/dns_performance.go:202.47,212.2 5 0
github.com/penguincloud/squawk/dns-client-go/pkg/performance/dns_performance.go:215.56,221.6 4 0
github.com/penguincloud/squawk/dns-client-go/pkg/performance/dns_performance.go:221.6,222.10 1 0
github.com/penguincloud/squawk/dns-client-go/pkg/performance/dns_performance.go:223.22,224.10 1 0
github.com/penguincloud/squawk/dns-client-go/pkg/performance/dns_performance.go:226.19,232.11 3 0
github.com/penguincloud/squawk/dns-client-go/pkg/performance/dns_performance.go:233.23,235.11 2 0
github.com/penguincloud/squawk/dns-client-go/pkg/performance/dns_performance.go:237.19,238.28 1 0
github.com/penguincloud/squawk/dns-client-go/pkg/performance/dns_performance.go:245.55,257.31 6 0
github.com/penguincloud/squawk/dns-client-go/pkg/performance/dns_performance.go:257.31,259.3 1 0
github.com/penguincloud/squawk/dns-client-go/pkg/performance/dns_performance.go:260.2,263.22 2 0
github.com/penguincloud/squawk/dns-client-go/pkg/performance/dns_performance.go:263.22,265.3 1 0
github.com/penguincloud/squawk/dns-client-go/pkg/performance/dns_performance.go:267.2,267.91 1 0
github.com/penguincloud/squawk/dns-client-go/pkg/performance/dns_performance.go:271.103,284.16 3 0
github.com/penguincloud/squawk/dns-client-go/pkg/performance/dns_performance.go:284.16,288.3 3 0
github.com/penguincloud/squawk/dns-client-go/pkg/performance/dns_performance.go:291.2,298.16 6 0
github.com/penguincloud/squawk/dns-client-go/pkg/performance/dns_performance.go:298.16,302.3 3 0
github.com/penguincloud/squawk/dns-client-go/pkg/performance/dns_performance.go:305.2,308.31 3 0
github.com/penguincloud/squawk/dns-client-go/pkg/performance/dns_performance.go:308.31,310.3 1 0
github.com/penguincloud/squawk/dns-client-go/pkg/performance/dns_performance.go:313.2,323.47 2 0
github.com/penguincloud/squawk/dns-client-go/pkg/performance/dns_performance.go:323.47,325.4 1 0
github.com/penguincloud/squawk/dns-client-go/pkg/performance/dns_performance.go:326.45,329.4 2 0
github.com/penguincloud/squawk/dns-client-go/pkg/performance/dns_performance.go:330.44,332.4 1 0
github.com/penguincloud/squawk/dns-client-go/pkg/performance/dns_performance.go:333.54,337.4 3 0
github.com/penguincloud/squawk/dns-client-go/pkg/performance/dns_performance.go:338.29,340.4 1 0
github.com/penguincloud/squawk/dns-client-go/pkg/performance/dns_performance.go:341.64,345.18 3 0
github.com/penguincloud/squawk/dns-client-go/pkg/performance/dns_performance.go:345.18,349.29 4 0
github.com/penguincloud/squawk/dns-client-go/pkg/performance/dns_performance.go:349.29,351.6 1 0
github.com/penguincloud/squawk/dns-client-go/pkg/performance/dns_performance.go:354.32,356.4 1 0
github.com/penguincloud/squawk/dns-client-go/pkg/performance/dns_performance.go:357.45,358.24 1 0
github.com/penguincloud/squawk/dns-client-go/pkg/performance/dns_performance.go:358.24,360.25 2 0
github.com/penguincloud/squawk/dns-client-go/pkg/performance/dns_performance.go:360.25,362.6 1 0
github.com/penguincloud/squawk/dns-client-go/pkg/performance/dns_performance.go:367.2,377.16 7 0
github.com/penguincloud/squawk/dns-client-go/pkg/performance/dns_performance.go:377.16,382.3 4 0
github.com/penguincloud/squawk/dns-client-go/pkg/performance/dns_performance.go:383.2,396.29 8 0
github.com/penguincloud/squawk/dns-client-go/pkg/performance/dns_performance.go:396.29,399.3 2 0
github.com/penguincloud/squawk/dns-client-go/pkg/performance/dns_performance.go:401.2,404.16 3 0
github.com/penguincloud/squawk/dns-client-go/pkg/performance/dns_performance.go:404.16,408.3 3 0
github.com/penguincloud/squawk/dns-client-go/pkg/performance/dns_performance.go:411.2,411.28 1 0
github.com/penguincloud/squawk/dns-client-go/pkg/performance/dns_performance.go:411.28,414.3 2 0
github.com/penguincloud/squawk/dns-client-go/pkg/performance/dns_performance.go:414.8,417.3 2 0
github.com/penguincloud/squawk/dns-client-go/pkg/performance/dns_performance.go:420.2,420.53 1 0
github.com/penguincloud/squawk/dns-client-go/pkg/performance/dns_performance.go:420.53,422.17 2 0
github.com/penguincloud/squawk/dns-client-go/pkg/performance/dns_performance.go:422.17,424.4 1 0
github.com/penguincloud/squawk/dns-client-go/pkg/performance/dns_performance.go:425.3,425.34 1 0
github.com/penguincloud/squawk/dns-client-go/pkg/performance/dns_performance.go:428.2,428.14 1 0
github.com/penguincloud/squawk/dns-client-go/pkg/performance/dns_performance.go:432.92,434.56 2 0
github.com/penguincloud/squawk/dns-client-go/pkg/performance/dns_performance.go:434.56,437.3 2 0
github.com/penguincloud/squawk/dns-client-go/pkg/performance/dns_performance.go:440.2,440.52 1 0
github.com/penguincloud/squawk/dns-client-go/pkg/performance/dns_performance.go:440.52,442.22 2 0
github.com/penguincloud/squawk/dns-client-go/pkg/performance/dns_performance.go:443.10,444.31 1 0
github.com/penguincloud/squawk/dns-client-go/pkg/performance/dns_performance.go:445.10,446.32 1 0
github.com/penguincloud/squawk/dns-client-go/pkg/performance/dns_performance.go:447.11,448.58 1 0
github.com/penguincloud/squawk/dns-client-go/pkg/performance/dns_performance.go:453.2,453.59 1 0
github.com/penguincloud/squawk/dns-client-go/pkg/performance/dns_performance.go:453.59,455.3 1 0
github.com/penguincloud/squawk/dns-client-go/pkg/performance/dns_performance.go:458.2,458.53 1 0
github.com/penguincloud/squawk/dns-client-go/pkg/performance/dns_performance.go:458.53,460.3 1 0
github.com/penguincloud/squawk/dns-client-go/pkg/performance/dns_performance.go:464.87,468.53 3 0
github.com/penguincloud/squawk/dns-client-go/pkg/performance/dns_performance.go:468.53,472.3 2 0
github.com/penguincloud/squawk/dns-client-go/pkg/performance/dns_performance.go:472.8,474.3 1 0
github.com/penguincloud/squawk/dns-client-go/pkg/performance/dns_performance.go:478.47,484.6 4 0
github.com/penguincloud/squawk/dns-client-go/pkg/performance/dns_performance.go:484.6,485.10 1 0
github.com/penguincloud/squawk/dns-client-go/pkg/performance/dns_performance.go:486.22,487.10 1 0
github.com/penguincloud/squawk/dns-client-go/pkg/performance/dns_performance.go:489.19,490.20 1 0
github.com/penguincloud/squawk/dns-client-go/pkg/performance/dns_performance.go:496.48,498.30 2 0
github.com/penguincloud/squawk/dns-client-go/pkg/performance/dns_performance.go:498.30,501.3 2 0
github.com/penguincloud/squawk/dns-client-go/pkg/performance/dns_performance.go:504.2,505.36 2 0
github.com/penguincloud/squawk/dns-client-go/pkg/performance/dns_performance.go:505.36,507.3 1 0
github.com/penguincloud/squawk/dns-client-go/pkg/performance/dns_performance.go:509.2,527.16 8 0
github.com/penguincloud/squawk/dns-client-go/pkg/performance/dns_performance.go:527.16,530.3 2 0
github.com/penguincloud/squawk/dns-client-go/pkg/performance/dns_performance.go:533.2,534.16 2 0
github.com/penguincloud/squawk/dns-client-go/pkg/performance/dns_performance.go:534.16,537.3 2 0
github.com/penguincloud/squawk/dns-client-go/pkg/performance/dns_performance.go:539.2,542.31 3 0
github.com/penguincloud/squawk/dns-client-go/pkg/performance/dns_performance.go:542.31,544.3 1 0
github.com/penguincloud/squawk/dns-client-go/pkg/performance/dns_performance.go:547.2,553.16 5 0
github.com/penguincloud/squawk/dns-client-go/pkg/performance/dns_performance.go:553.16,556.3 2 0
github.com/penguincloud/squawk/dns-client-go/pkg/performance/dns_performance.go:557.2,559.28 2 0
github.com/penguincloud/squawk/dns-client-go/pkg/performance/dns_performance.go:559.28,562.3 2 0
github.com/penguincloud/squawk/dns-client-go/pkg/performance/dns_performance.go:564.2,564.88 1 0
github.com/penguincloud/squawk/dns-client-go/pkg/performance/dns_performance.go:568.60,570.20 2 0
github.com/penguincloud/squawk/dns-client-go/pkg/performance/dns_performance.go:570.20,572.3 1 0
github.com/penguincloud/squawk/dns-client-go/pkg/performance/dns_performance.go:575.2,576.46 2 0
github.com/penguincloud/squawk/dns-client-go/pkg/performance/dns_performance.go:580.74,581.17 1 0
github.com/penguincloud/squawk/dns-client-go/pkg/performance/dns_performance.go:582.24,583.19 1 0
github.com/penguincloud/squawk/dns-client-go/pkg/performance/dns_performance.go:584.24,585.19 1 0
github.com/penguincloud/squawk/dns-client-go/pkg/performance/dns_performance.go:586.24,587.19 1 0
github.com/penguincloud/squawk/dns-client-go/pkg/performance/dns_performance.go:588.24,589.19 1 0
github.com/penguincloud/squawk/dns-client-go/pkg/performance/dns_performance.go:590.10,591.44 1 0
github.com/penguincloud/squawk/dns-client-go/pkg/performance/dns_performance.go:596.80,598.35 2 0
github.com/penguincloud/squawk/dns-client-go/pkg/performance/dns_performance.go:598.35,599.32 1 0
github.com/penguincloud/squawk/dns-client-go/pkg/performance/dns_performance.go:599.32,601.4 1 0
github.com/penguincloud/squawk/dns-client-go/pkg/performance/dns_performance.go:603.2,603.13 1 0
github.com/penguincloud/squawk/dns-client-go/pkg/performance/dns_performance.go:607.73,616.2 5 0
github.com/penguincloud/squawk/dns-client-go/pkg/performance/dns_performance.go:619.69,625.32 4 0
github.com/penguincloud/squawk/dns-client-go/pkg/performance/dns_performance.go:625.32,627.3 1 0
github.com/penguincloud/squawk/dns-client-go/pkg/performance/dns_performance.go:629.2,629.18 1 0
