TN:
SF:src/components/Layout/ProtectedRoute.tsx
FN:10,ProtectedRoute
FN:13,(anonymous_1)
FNF:2
FNH:2
FNDA:3,ProtectedRoute
FNDA:3,(anonymous_1)
DA:11,3
DA:13,3
DA:14,3
DA:17,3
DA:18,1
DA:33,2
DA:34,1
DA:37,1
LF:8
LH:8
BRDA:17,0,0,1
BRDA:17,0,1,2
BRDA:33,1,0,1
BRDA:33,1,1,1
BRF:4
BRH:4
end_of_record
TN:
SF:src/components/Layout/Sidebar.tsx
FN:6,Sidebar
FN:46,(anonymous_1)
FNF:2
FNH:2
FNDA:12,Sidebar
FNDA:3,(anonymous_1)
DA:7,12
DA:8,12
DA:9,12
DA:11,12
DA:41,12
DA:46,3
LF:6
LH:6
BRDA:20,0,0,10
BRDA:20,0,1,2
BRDA:21,1,0,10
BRDA:21,1,1,2
BRDA:28,2,0,10
BRDA:28,2,1,2
BRDA:29,3,0,11
BRDA:29,3,1,1
BRDA:36,4,0,11
BRDA:36,4,1,1
BRF:10
BRH:10
end_of_record
TN:
SF:src/pages/Login.tsx
FN:6,Login
FN:8,(anonymous_1)
FN:10,(anonymous_2)
FNF:3
FNH:3
FNDA:8,Login
FNDA:8,(anonymous_1)
FNDA:7,(anonymous_2)
DA:7,8
DA:8,8
DA:10,8
DA:11,7
DA:12,5
DA:13,5
DA:17,8
LF:7
LH:7
BRDA:11,0,0,5
BRDA:11,0,1,2
BRDA:11,1,0,7
BRDA:11,1,1,6
BRDA:12,2,0,5
BRDA:12,2,1,4
BRDA:12,2,2,1
BRF:7
BRH:7
end_of_record
